<?xml version="1.0" encoding="UTF-8"?>
<Site BuildName="Darwin-clang++"
	BuildStamp="20251101-2312-Experimental"
	Name="IPod-Touch-2001.local"
	Generator="ctest-4.1.2"
	CompilerName="/usr/bin/clang++"
	CompilerVersion="15.0.0.15000309"
	OSName="macOS"
	Hostname="eduroam-169-233-163-211.ucsc.edu"
	OSRelease="14.6.1"
	OSVersion="23G93"
	OSPlatform="arm64"
	Is64Bits="1"
	VendorString="Apple"
	VendorID="Apple"
	FamilyID="0"
	ModelID="0"
	ModelName="Apple M3 Max"
	ProcessorCacheSize="131072"
	NumberOfLogicalCPU="16"
	NumberOfPhysicalCPU="16"
	TotalVirtualMemory="0"
	TotalPhysicalMemory="65536"
	LogicalProcessorsPerPhysical="16"
	ProcessorClockFrequency="0"
	>
	<Testing>
		<StartDateTime>Nov 14 13:46 PST</StartDateTime>
		<StartTestTime>1763156766</StartTestTime>
		<TestList/>
		<EndDateTime>Nov 14 13:46 PST</EndDateTime>
		<EndTestTime>1763156766</EndTestTime>
		<ElapsedMinutes>0</ElapsedMinutes>
	</Testing>
</Site>
